<?xml version="1.0" encoding="UTF-8"?>
<testng-results ignored="0" total="1" passed="1" failed="0" skipped="0">
  <reporter-output>
  </reporter-output>
  <suite started-at="2021-02-14T05:52:28Z" name="Default suite" finished-at="2021-02-14T05:52:58Z" duration-ms="30003">
    <groups>
    </groups>
    <test started-at="2021-02-14T05:52:28Z" name="Default test" finished-at="2021-02-14T05:52:58Z" duration-ms="30003">
      <class name="shwapno.shwapno.shwapno">
        <test-method signature="testshwapno()[pri:0, instance:shwapno.shwapno.shwapno@53f3bdbd]" started-at="2021-02-14T05:52:28Z" name="testshwapno" finished-at="2021-02-14T05:52:58Z" duration-ms="29978" status="PASS">
          <reporter-output>
          </reporter-output>
        </test-method> <!-- testshwapno -->
      </class> <!-- shwapno.shwapno.shwapno -->
    </test> <!-- Default test -->
  </suite> <!-- Default suite -->
</testng-results>
